d:\projects\myfristopenglwindow\myfristopenglwindow\debug\vc141.pdb
d:\projects\myfristopenglwindow\myfristopenglwindow\debug\vc141.idb
d:\projects\myfristopenglwindow\myfristopenglwindow\debug\glad.obj
d:\projects\myfristopenglwindow\myfristopenglwindow\debug\vertexshader.obj
d:\projects\myfristopenglwindow\myfristopenglwindow\debug\singleton.obj
d:\projects\myfristopenglwindow\myfristopenglwindow\debug\shaderprogram.obj
d:\projects\myfristopenglwindow\myfristopenglwindow\debug\shadermanager.obj
d:\projects\myfristopenglwindow\myfristopenglwindow\debug\shaderfactory.obj
d:\projects\myfristopenglwindow\myfristopenglwindow\debug\shader.obj
d:\projects\myfristopenglwindow\myfristopenglwindow\debug\render.obj
d:\projects\myfristopenglwindow\myfristopenglwindow\debug\panelrender.obj
d:\projects\myfristopenglwindow\myfristopenglwindow\debug\main.obj
d:\projects\myfristopenglwindow\myfristopenglwindow\debug\fragmentshader.obj
d:\projects\myfristopenglwindow\myfristopenglwindow\debug\texture.obj
d:\projects\myfristopenglwindow\debug\myfristopenglwindow.exe
d:\projects\myfristopenglwindow\debug\myfristopenglwindow.ilk
d:\projects\myfristopenglwindow\debug\myfristopenglwindow.pdb
d:\projects\myfristopenglwindow\myfristopenglwindow\debug\myfristopenglwindow.res
d:\projects\myfristopenglwindow\myfristopenglwindow\debug\myfristo.d89edb2e.tlog\cl.command.1.tlog
d:\projects\myfristopenglwindow\myfristopenglwindow\debug\myfristo.d89edb2e.tlog\cl.read.1.tlog
d:\projects\myfristopenglwindow\myfristopenglwindow\debug\myfristo.d89edb2e.tlog\cl.write.1.tlog
d:\projects\myfristopenglwindow\myfristopenglwindow\debug\myfristo.d89edb2e.tlog\link.command.1.tlog
d:\projects\myfristopenglwindow\myfristopenglwindow\debug\myfristo.d89edb2e.tlog\link.read.1.tlog
d:\projects\myfristopenglwindow\myfristopenglwindow\debug\myfristo.d89edb2e.tlog\link.write.1.tlog
d:\projects\myfristopenglwindow\myfristopenglwindow\debug\myfristo.d89edb2e.tlog\rc.command.1.tlog
d:\projects\myfristopenglwindow\myfristopenglwindow\debug\myfristo.d89edb2e.tlog\rc.read.1.tlog
d:\projects\myfristopenglwindow\myfristopenglwindow\debug\myfristo.d89edb2e.tlog\rc.write.1.tlog
